app/build/outputs/logs/manifest-merger-debug-report.txt
-- Merging decision tree log ---
manifest
ADDED from src\main\AndroidManifest.xml:1:1-41:12
	xmlns:android
		ADDED from src\main\AndroidManifest.xml:1:11-69
	package
		ADDED from src\main\AndroidManifest.xml:2:5-40
		INJECTED from src\main\AndroidManifest.xml
		INJECTED from src\main\AndroidManifest.xml
	android:versionName
		ADDED from src\main\AndroidManifest.xml:4:5-30
		INJECTED from src\main\AndroidManifest.xml
		INJECTED from src\main\AndroidManifest.xml
	android:versionCode
		ADDED from src\main\AndroidManifest.xml:3:5-28
		INJECTED from src\main\AndroidManifest.xml
		INJECTED from src\main\AndroidManifest.xml
	android:installLocation
		ADDED from src\main\AndroidManifest.xml:4:31-71
uses-sdk
ADDED from src\main\AndroidManifest.xml:6:5-8:40
	android:targetSdkVersion
		ADDED from src\main\AndroidManifest.xml:8:9-37
		INJECTED from src\main\AndroidManifest.xml
		INJECTED from src\main\AndroidManifest.xml
	android:minSdkVersion
		ADDED from src\main\AndroidManifest.xml:7:9-34
		INJECTED from src\main\AndroidManifest.xml
		INJECTED from src\main\AndroidManifest.xml
application
ADDED from src\main\AndroidManifest.xml:10:5-38:19
	android:label
		ADDED from src\main\AndroidManifest.xml:14:9-41
	android:allowBackup
		ADDED from src\main\AndroidManifest.xml:12:9-35
	android:icon
		ADDED from src\main\AndroidManifest.xml:13:9-48
	android:theme
		ADDED from src\main\AndroidManifest.xml:15:9-40
	android:name
		ADDED from src\main\AndroidManifest.xml:11:9-37
activity#uk.co.section9.emfmedical.MainActivity
ADDED from src\main\AndroidManifest.xml:19:6-28:21
	android:label
		ADDED from src\main\AndroidManifest.xml:19:45-77
	android:theme
		ADDED from src\main\AndroidManifest.xml:20:25-78
	android:name
		ADDED from src\main\AndroidManifest.xml:19:16-44
	android:launchMode
		ADDED from src\main\AndroidManifest.xml:21:25-60
intent-filter#android.intent.action.MAIN+android.intent.category.DEFAULT+android.intent.category.LAUNCHER
ADDED from src\main\AndroidManifest.xml:22:11-27:27
action#android.intent.action.MAIN
ADDED from src\main\AndroidManifest.xml:23:19-71
	android:name
		ADDED from src\main\AndroidManifest.xml:23:27-68
category#android.intent.category.LAUNCHER
ADDED from src\main\AndroidManifest.xml:25:19-78
	android:name
		ADDED from src\main\AndroidManifest.xml:25:29-76
category#android.intent.category.DEFAULT
ADDED from src\main\AndroidManifest.xml:26:19-78
	android:name
		ADDED from src\main\AndroidManifest.xml:26:29-75
activity#uk.co.section9.emfmedical.PRFActivity
ADDED from src\main\AndroidManifest.xml:32:6-35:21
	android:label
		ADDED from src\main\AndroidManifest.xml:32:44-76
	android:theme
		ADDED from src\main\AndroidManifest.xml:33:25-78
	android:name
		ADDED from src\main\AndroidManifest.xml:32:16-43
	android:launchMode
		ADDED from src\main\AndroidManifest.xml:34:25-60